[LOG] System::create                           : Header version = 2.02.07. Current version = 2.02.08.
[LOG] Manager::init                            : maxchannels = 256 studioflags = 00000006 flags 00000000 extradriverdata 0000000000000000.
[LOG] SystemI::init                            : Initialize version=20208 (126901), maxchannels=256, flags=0x00020000
[LOG] SystemI::setOutputInternal               : Setting output to 'FMOD WASAPI Output'
[LOG] OutputWASAPI::init                       : Mix Format (WAVEFORMATEX): wFormatTag=0xFFFE, nChannels=2, nSamplesPerSec=48000, nAvgBytesPerSec=384000, nBlockAlign=8, wBitsPerSample=32, cbSize=22.
[LOG] OutputWASAPI::init                       : Mix Format (WAVEFORMATEXTENSIBLE): wValidBitsPerSample=32, dwChannelMask=0x00000003, SubFormat=00000003-0000-0010-8000-00AA00389B71.
[LOG] OutputWASAPI::init                       : Output buffer size: 4096 samples, latency: 0.00ms, period: 10.00ms, DSP buffer: 1024 * 4
[LOG] Thread::initThread                       : Init FMOD stream thread. Affinity: 0x4000000000000003, Priority: 0xFFFF7FFB, Stack Size: 98304, Semaphore: No, Sleep Time: 10, Looping: Yes.
[LOG] Thread::initThread                       : Init FMOD mixer thread. Affinity: 0x4000000000000001, Priority: 0xFFFF7FFA, Stack Size: 81920, Semaphore: No, Sleep Time: 0, Looping: Yes.
[LOG] AsyncManager::init                       : manager 0000024CB101B618 isAsync 0 updatePeriod 0.02
[LOG] AsyncManager::init                       : done
[LOG] PlaybackSystem::init                     : 
[LOG] Thread::initThread                       : Init FMOD Studio sample load thread. Affinity: 0x4000000000000003, Priority: 0xFFFF7FFD, Stack Size: 98304, Semaphore: No, Sleep Time: 1, Looping: No.
[LOG] PlaybackSystem::init                     : done
[LOG] Thread::initThread                       : Init FMOD Studio bank load thread. Affinity: 0x4000000000000003, Priority: 0xFFFF7FFD, Stack Size: 98304, Semaphore: No, Sleep Time: 1, Looping: No.
[LOG] Manager::init                            : done.
[LOG] Manager::readBank                        : fileversion = 142, compatVersion = 140 (oldest = 44, newest = 142)
[LOG] Manager::readBank                        : fileversion = 142, compatVersion = 140 (oldest = 44, newest = 142)
[LOG] Manager::readBank                        : fileversion = 142, compatVersion = 140 (oldest = 44, newest = 142)
[LOG] Manager::readBank                        : fileversion = 142, compatVersion = 140 (oldest = 44, newest = 142)
[LOG] Manager::readBank                        : fileversion = 142, compatVersion = 140 (oldest = 44, newest = 142)
[LOG] Manager::readBank                        : fileversion = 142, compatVersion = 140 (oldest = 44, newest = 142)
[LOG] Manager::readBank                        : fileversion = 142, compatVersion = 140 (oldest = 44, newest = 142)
[LOG] PlaybackSystem::acquireMasterBus         : Setting master channel group format to 6
[LOG] Manager::readBank                        : fileversion = 142, compatVersion = 140 (oldest = 44, newest = 142)
[LOG] Manager::readBank                        : fileversion = 142, compatVersion = 140 (oldest = 44, newest = 142)
[LOG] SystemI::createSound                     : filename = Assets/FMOD_bank/Desktop/Environment.bank : mode 02010082
[LOG] SystemI::createSound                     : FMOD_NONBLOCKING specified.  Putting into queue to be opened asynchronously!
[LOG] SystemI::createSound                     : setdata soundi = 0000024CE426E698 : node = 0000024C17BB1F20
[LOG] SystemI::createSound                     : add node to async list : head = 0000024B31AF7DE8.  list count = 0
[LOG] SystemI::createSound                     : filename = Assets/FMOD_bank/Desktop/Environment.bank : mode 02010082
[LOG] AsyncThread::threadFunc                  : Starting Asynchronous operation on sound 0000024CE426E698
[LOG] SystemI::createSound                     : FMOD_NONBLOCKING specified.  Putting into queue to be opened asynchronously!
[LOG] SystemI::createSoundInternal             :     Create name='Assets/FMOD_bank/Desktop/Environment.bank', mode=0x02010082
[LOG] SystemI::createSoundInternal             :     exinfo->cbsize             = 224
[LOG] SystemI::createSound                     :     setdata soundi = 0000024CE426E9F8 : node = 0000024C17BB2060
[LOG] SystemI::createSoundInternal             :     exinfo->length             = 3415424
[LOG] SystemI::createSound                     :     add node to async list : head = 0000024B31AF7DE8.  list count = 0
[LOG] SystemI::createSoundInternal             :     exinfo->fileoffset         = 72608
[LOG] SystemI::createSoundInternal             :     exinfo->numsubsounds       = 1
[LOG] SystemI::createSoundInternal             :     exinfo->inclusionlist      = 0000024C17BB2030
[LOG] SystemI::createSoundInternal             :     exinfo->inclusionlistnum   = 1
[LOG] SystemI::createSoundInternal             :     exinfo->suggestedsoundtype = 5
[LOG] SystemI::createSoundInternal             :     exinfo->initialseekpostype = 1
[LOG] SystemI::createSoundInternal             :     Create name='', mode=0x02000202
[LOG] SystemI::createSoundInternal             :     exinfo->cbsize             = 224
[LOG] SystemI::createSoundInternal             :     exinfo->length             = 57152
[LOG] SystemI::createSoundInternal             :     exinfo->fileoffset         = 7360
[LOG] SystemI::createSoundInternal             :     Stream 0/1: name='Despertador', format=5, channels=2, frequency=48000, lengthbytes=26624, lengthpcm=523712, pcmblocksize=0, loopstart=0, loopend=0, mode=0x00000000, channelmask=0x00000000, channelorder=0, peakvolume=0.054771.
[LOG] SystemI::createSoundInternal             :     exinfo->numsubsounds       = 1
[LOG] SystemI::createSoundInternal             :     exinfo->inclusionlist      = 0000009BE42FF508
[LOG] SystemI::createSoundInternal             :     exinfo->inclusionlistnum   = 1
[LOG] SystemI::createSoundInternal             :     exinfo->suggestedsoundtype = 5
[LOG] SystemI::createSoundInternal             :     exinfo->useropen           = 00007FFAA1F333A0
[LOG] SystemI::createSoundInternal             :     exinfo->userclose          = 00007FFAA1F33360
[LOG] SystemI::createSoundInternal             :     exinfo->userread           = 00007FFAA1F33480
[LOG] SystemI::createSoundInternal             :     exinfo->userseek           = 00007FFAA1F33540
[LOG] SystemI::createSoundInternal             :     exinfo->fileuserdata       = 0000024B25C97DF8
[LOG] SystemI::createSoundInternal             :     exinfo->initialseekpostype = 1
[LOG] SystemI::DSPCodecPoolRegister            :     register codec pool for pool type 5
[LOG] SystemI::createSoundInternal             :     Sample 0/1: name='Levantarse', format=5, channels=1, frequency=48000, lengthbytes=20224, lengthpcm=131072, pcmblocksize=0, loopstart=0, loopend=0, mode=0x00000000, channelmask=0x00000000, channelorder=0, peakvolume=0.068776.
[LOG] AsyncThread::threadFunc                  : Finished Asynchronous operation on sound 0000024CE426E698
[LOG] AsyncThread::threadFunc                  : Starting Asynchronous operation on sound 0000024CE426E9F8
[LOG] SystemI::createSoundInternal             :     Create name='Assets/FMOD_bank/Desktop/Environment.bank', mode=0x02010082
[LOG] SystemI::createSoundInternal             :     exinfo->cbsize             = 224
[LOG] SystemI::createSoundInternal             :     exinfo->length             = 3415424
[LOG] SystemI::createSoundInternal             :     exinfo->fileoffset         = 72608
[LOG] SystemI::createSoundInternal             :     exinfo->numsubsounds       = 1
[LOG] SystemI::createSoundInternal             :     exinfo->inclusionlist      = 0000024C17BB2170
[LOG] SystemI::createSoundInternal             :     exinfo->inclusionlistnum   = 1
[LOG] SystemI::createSoundInternal             :     exinfo->suggestedsoundtype = 5
[LOG] SystemI::createSoundInternal             :     exinfo->initialseekpostype = 1
[LOG] SystemI::createSoundInternal             :     Stream 0/1: name='Sábanas', format=5, channels=1, frequency=48000, lengthbytes=263648, lengthpcm=1605632, pcmblocksize=0, loopstart=0, loopend=0, mode=0x00000000, channelmask=0x00000000, channelorder=0, peakvolume=0.071357.
[LOG] AsyncThread::threadFunc                  : Finished Asynchronous operation on sound 0000024CE426E9F8
[LOG] SystemI::createSoundInternal             : Create name='', mode=0x02000202
[LOG] SystemI::createSoundInternal             : exinfo->cbsize             = 224
[LOG] SystemI::createSoundInternal             : exinfo->length             = 3415424
[LOG] SystemI::createSoundInternal             : exinfo->fileoffset         = 72608
[LOG] SystemI::createSoundInternal             : exinfo->numsubsounds       = 1
[LOG] SystemI::createSoundInternal             : exinfo->inclusionlist      = 0000009BE42FF508
[LOG] SystemI::createSoundInternal             : exinfo->inclusionlistnum   = 1
[LOG] SystemI::createSoundInternal             : exinfo->suggestedsoundtype = 5
[LOG] SystemI::createSoundInternal             : exinfo->useropen           = 00007FFAA1F333A0
[LOG] SystemI::createSoundInternal             : exinfo->userclose          = 00007FFAA1F33360
[LOG] SystemI::createSoundInternal             : exinfo->userread           = 00007FFAA1F33480
[LOG] SystemI::createSoundInternal             : exinfo->userseek           = 00007FFAA1F33540
[LOG] SystemI::createSoundInternal             : exinfo->fileuserdata       = 0000024B31F06308
[LOG] SystemI::createSoundInternal             : exinfo->initialseekpostype = 1
[LOG] SystemI::DSPCodecPoolRegister            : register codec pool for pool type 5
[LOG] SystemI::createSoundInternal             : Sample 0/1: name='Apagar despertador', format=5, channels=2, frequency=48000, lengthbytes=3200, lengthpcm=32192, pcmblocksize=0, loopstart=0, loopend=0, mode=0x00000000, channelmask=0x00000000, channelorder=0, peakvolume=0.113204.
[LOG] SoundI::release                          : Despertador (0000024CE426E698)
[LOG] SoundI::release                          :     Despertador (0000024B5CDC1FF8)
[LOG] SoundI::release                          :     Despertador (0000024CE506A3C8)
[LOG] SoundI::release                          : Sábanas (0000024CE426E9F8)
[LOG] SoundI::release                          :     Sábanas (0000024B634C4D78)
[LOG] SoundI::release                          :     Sábanas (0000024CE506A578)
[LOG] SoundI::release                          : LOFI 1 INTRO 54 bpm (0000024CE426EBA8)
[LOG] SoundI::release                          :     LOFI 1 INTRO 54 bpm (0000024B5CDC0FB8)
[LOG] SoundI::release                          :     LOFI 1 INTRO 54 bpm (0000024CE506ADE8)
[LOG] SoundI::release                          : Cat purr (0000024CE426EF08)
[LOG] SoundI::release                          :     Cat purr (0000024B5CDC24D8)
[LOG] SoundI::release                          :     Cat purr (0000024CE506AC38)
[LOG] SoundI::release                          :  (0000024B2A1021F8)
[LOG] SoundI::release                          :     Levantarse (00000249333B9038)
[LOG] SoundI::release                          :  (0000024D09A2E858)
[LOG] SoundI::release                          :     Apagar despertador (0000024B5CB8CCA8)
[LOG] SoundI::release                          :  (0000024C17B0BA98)
[LOG] SoundI::release                          :     Regar (0000024B65497B58)
[LOG] SoundI::release                          :  (0000024C17B0B648)
[LOG] SoundI::release                          :     Cat hiss (0000024B65498518)
[LOG] SoundI::release                          :  (0000024C17B0B088)
[LOG] SoundI::release                          :     Cat Growl (0000024B654919D8)
[LOG] SoundI::release                          :  (0000024C17B0B1F8)
[LOG] SoundI::release                          :     Cat Meow 1 (0000024B65495FB8)
[LOG] SoundI::release                          :  (0000024C17B0B368)
[LOG] SoundI::release                          :     Cat Meow 2 (0000024B654962F8)
[LOG] SoundI::release                          :  (0000024C17B0BD78)
[LOG] SoundI::release                          :     Cat Meow 3 (0000024B6548EDF8)
[LOG] SoundI::release                          :  (0000024C17B0B4D8)
[LOG] SoundI::release                          :     Cat Meow 4 (0000024B6548FC98)
[LOG] SoundI::release                          :  (0000024C17B0B7B8)
[LOG] SoundI::release                          :     Cat Meow 5 (0000024B65497338)
[LOG] SoundI::release                          :  (0000024C17B0B928)
[LOG] SoundI::release                          :     Cat Tail Stepped On (0000024B65496158)
[LOG] SoundI::release                          :  (0000024C17B0BC08)
[LOG] SoundI::release                          :     Hover_menú_inicio (0000024B65492878)
[LOG] Thread::callback                         : FMOD Studio update thread finished.
[LOG] Thread::callback                         : FMOD Studio bank load thread finished.
[LOG] Profile::disconnectAll                   : Profiler disconnecting all clients
[LOG] Thread::callback                         : FMOD Studio sample load thread finished.
[LOG] LiveUpdate::release                      : 
[LOG] LiveUpdate::reset                        : Reset connection (reason Disconnected)
[LOG] Thread::callback                         : FMOD stream thread finished.
[LOG] Thread::callback                         : FMOD mixer thread finished.
[LOG] Profile::disconnectAll                   : Profiler disconnecting all clients
[LOG] SystemI::close                           : Closed.
